<?xml version="1.0" encoding="UTF-8"?>
<!-- Generated by org.testng.reporters.JUnitReportReporter -->
<testsuite hostname="DESKTOP-DCJF879" failures="0" tests="1" name="tests.DynamicTableTest" time="0.821" errors="0" timestamp="2024-10-26T18:33:08 IST" skipped="0">
  <testcase classname="tests.DynamicTableTest" name="testPopulateInputAndRefresh" time="0.821"/>
</testsuite> <!-- tests.DynamicTableTest -->
